0 info it worked if it ends with ok
1 verbose cli [ '/home/michael/.nvm/versions/node/v6.4.0/bin/node',
1 verbose cli   '/home/michael/.nvm/versions/node/v6.4.0/bin/npm',
1 verbose cli   'start' ]
2 info using npm@3.10.3
3 info using node@v6.4.0
4 verbose run-script [ 'prestart', 'start', 'poststart' ]
5 info lifecycle liblod-server@0.0.1~prestart: liblod-server@0.0.1
6 silly lifecycle liblod-server@0.0.1~prestart: no script for prestart, continuing
7 info lifecycle liblod-server@0.0.1~start: liblod-server@0.0.1
8 verbose lifecycle liblod-server@0.0.1~start: unsafe-perm in lifecycle true
9 verbose lifecycle liblod-server@0.0.1~start: PATH: /home/michael/.nvm/versions/node/v6.4.0/lib/node_modules/npm/bin/node-gyp-bin:/home/michael/src/nodejs/liblod/server/node_modules/.bin:/home/michael/.nvm/versions/node/v6.4.0/bin:/home/michael/.nvm/versions/node/v6.4.0/bin:/home/michael/.rvm/gems/ruby-2.3.1/bin:/home/michael/.rvm/gems/ruby-2.3.1@global/bin:/home/michael/.rvm/rubies/ruby-2.3.1/bin:/usr/local/sbin:/usr/local/bin:/usr/bin:/usr/lib/jvm/default/bin:/usr/bin/site_perl:/usr/bin/vendor_perl:/usr/bin/core_perl:/home/michael/.gem/ruby/2.3.0/bin:/home/michael/.rvm/bin:/home/michael/.rvm/bin
10 verbose lifecycle liblod-server@0.0.1~start: CWD: /home/michael/src/nodejs/liblod/server
11 silly lifecycle liblod-server@0.0.1~start: Args: [ '-c', 'node server.js' ]
12 silly lifecycle liblod-server@0.0.1~start: Returned: code: 1  signal: null
13 info lifecycle liblod-server@0.0.1~start: Failed to exec start script
14 verbose stack Error: liblod-server@0.0.1 start: `node server.js`
14 verbose stack Exit status 1
14 verbose stack     at EventEmitter.<anonymous> (/home/michael/.nvm/versions/node/v6.4.0/lib/node_modules/npm/lib/utils/lifecycle.js:242:16)
14 verbose stack     at emitTwo (events.js:106:13)
14 verbose stack     at EventEmitter.emit (events.js:191:7)
14 verbose stack     at ChildProcess.<anonymous> (/home/michael/.nvm/versions/node/v6.4.0/lib/node_modules/npm/lib/utils/spawn.js:40:14)
14 verbose stack     at emitTwo (events.js:106:13)
14 verbose stack     at ChildProcess.emit (events.js:191:7)
14 verbose stack     at maybeClose (internal/child_process.js:852:16)
14 verbose stack     at Process.ChildProcess._handle.onexit (internal/child_process.js:215:5)
15 verbose pkgid liblod-server@0.0.1
16 verbose cwd /home/michael/src/nodejs/liblod/server
17 error Linux 4.7.2-1-ARCH
18 error argv "/home/michael/.nvm/versions/node/v6.4.0/bin/node" "/home/michael/.nvm/versions/node/v6.4.0/bin/npm" "start"
19 error node v6.4.0
20 error npm  v3.10.3
21 error code ELIFECYCLE
22 error liblod-server@0.0.1 start: `node server.js`
22 error Exit status 1
23 error Failed at the liblod-server@0.0.1 start script 'node server.js'.
23 error Make sure you have the latest version of node.js and npm installed.
23 error If you do, this is most likely a problem with the liblod-server package,
23 error not with npm itself.
23 error Tell the author that this fails on your system:
23 error     node server.js
23 error You can get information on how to open an issue for this project with:
23 error     npm bugs liblod-server
23 error Or if that isn't available, you can get their info via:
23 error     npm owner ls liblod-server
23 error There is likely additional logging output above.
24 verbose exit [ 1, true ]
